------------------------------------------------------------------------------
                           GCC Code Coverage Report
Directory: /home/shumoff/CLionProjects/system_programming/task_10/build
------------------------------------------------------------------------------
File                                       Lines    Exec  Cover   Missing
------------------------------------------------------------------------------
../src/task_10/rotate_vector.cpp              16      16   100%   
../src/test/rotate_vector_test.cc             20      20   100%   
------------------------------------------------------------------------------
TOTAL                                         36      36   100%
------------------------------------------------------------------------------
